    1  ls /
    2  ls /usr
    3  pwd
    4  cd /root
    5  pwd
    6  cd /home
    7  mkdir test1
    8  ls .
    9  mkdir test2/test3
   10  touch test1/index.php
   11  ls test1
   12  cd test1
   13  cp index.php copy.php
   14  ls
   15  cd -
   16  echo '# Hello World' > README.md
   17  cat README.md
   18  echo '# Server Lesson' > README.md
   19  $ cat README.md
   20  echo '# Server Lesson' > README.md
   21  cat README.md 
   22  echo 'Linux Practice' >> README.md
   23  echo '-----------------' >> README.md
   24  cat README.md 
   25  vi README.md 
   26  cd /rood
   27  cd /root
   28  mkdir server_lesson && cd server_lesson
   29  yum update -y && yum -y install git
   30  git version
   31  git init
   32  touch first.txt
   33  mkdir -p linux_practice1/public
   34  ls
   35  ls linux_practice1/
   36  touch linux_practice1/public/index.php
   37  cp linux_practice1/public/index.php index_bk.php
   38  cp -r linux_practice1/public linux_practice1/tmp
   39  ls
   40  rm index_bk.php 
   41  ls
   42  cp linux_practice1/public/index.php linux_practice1/public/index_bk.php
   43  rm -r linux_practice1
   44  ls
   45  l linux_practice1/
   46  ls linux_practice1/
   47  rm -r linux_practice1/tmp
   48  ls linux_practice1/
   49  rm -r linux_practice1/tmp
   50  ls linux_practice1/
   51  cp -r linux_practice1/public linux_practice1/tmp
   52  ls linux_practice1/
   53  rm linux_practice1/tmp/index_bk.php 
   54  touch README.md
   55  vi README.md
   56  mkdir linux_practice2
   57  cd linux_practice2
   58  mkdir documents
   59  touch documents/gizumo{01..50}.md
   60  ls documents/
   61  mkdir trash
   62  ls
   63  mv documents/gizumo{20..40}.md trash
   64  ls trash
   65  touch .gitignore
   66  vi .gitignore 
   67  history 300 > exec_command.log
